<?xml version="1.0" encoding="UTF-8"?>
<testng-results ignored="0" total="1" passed="1" failed="0" skipped="0">
  <reporter-output>
  </reporter-output>
  <suite started-at="2024-05-06T12:59:33 IST" name="Default suite" finished-at="2024-05-06T13:00:48 IST" duration-ms="75114">
    <groups>
    </groups>
    <test started-at="2024-05-06T12:59:33 IST" name="Default test" finished-at="2024-05-06T13:00:48 IST" duration-ms="75114">
      <class name="appiumproject.Appium.ManageSalesTest">
        <test-method is-config="true" signature="ConfigureAppium()[pri:0, instance:appiumproject.Appium.ManageSalesTest@5c44c582]" started-at="2024-05-06T12:59:33 IST" name="ConfigureAppium" finished-at="2024-05-06T12:59:50 IST" duration-ms="17211" status="PASS">
          <reporter-output>
          </reporter-output>
        </test-method> <!-- ConfigureAppium -->
        <test-method signature="managesales()[pri:0, instance:appiumproject.Appium.ManageSalesTest@5c44c582]" started-at="2024-05-06T12:59:50 IST" name="managesales" finished-at="2024-05-06T13:00:47 IST" duration-ms="57266" status="PASS">
          <reporter-output>
          </reporter-output>
        </test-method> <!-- managesales -->
        <test-method is-config="true" signature="tearDown()[pri:0, instance:appiumproject.Appium.ManageSalesTest@5c44c582]" started-at="2024-05-06T13:00:47 IST" name="tearDown" finished-at="2024-05-06T13:00:48 IST" duration-ms="558" status="PASS">
          <reporter-output>
          </reporter-output>
        </test-method> <!-- tearDown -->
      </class> <!-- appiumproject.Appium.ManageSalesTest -->
    </test> <!-- Default test -->
  </suite> <!-- Default suite -->
</testng-results>
